C:\USERS\LAB314\DOCUMENTS\VISUAL STUDIO 2012\PROJECTS\STMFORGAMES\DEBUG\STMFORGAMES.PCH
C:\USERS\LAB314\DOCUMENTS\VISUAL STUDIO 2012\PROJECTS\STMFORGAMES\DEBUG\STDAFX.OBJ
C:\USERS\LAB314\DOCUMENTS\VISUAL STUDIO 2012\PROJECTS\STMFORGAMES\DEBUG\VC110.PDB
C:\USERS\LAB314\DOCUMENTS\VISUAL STUDIO 2012\PROJECTS\STMFORGAMES\DEBUG\MAINMENU.OBJ
C:\USERS\LAB314\DOCUMENTS\VISUAL STUDIO 2012\PROJECTS\STMFORGAMES\DEBUG\STMFORGAMES.OBJ
C:\USERS\LAB314\DOCUMENTS\VISUAL STUDIO 2012\PROJECTS\STMFORGAMES\DEBUG\STMMAIN.OBJ
C:\USERS\LAB314\DOCUMENTS\VISUAL STUDIO 2012\PROJECTS\STMFORGAMES\DEBUG\GAME.OBJ
C:\USERS\LAB314\DOCUMENTS\VISUAL STUDIO 2012\PROJECTS\STMFORGAMES\DEBUG\SPACESHIP.OBJ
C:\USERS\LAB314\DOCUMENTS\VISUAL STUDIO 2012\PROJECTS\STMFORGAMES\DEBUG\GAMEOBJECTS.OBJ
C:\USERS\LAB314\DOCUMENTS\VISUAL STUDIO 2012\PROJECTS\STMFORGAMES\DEBUG\STMFORGAMES.ILK
C:\USERS\LAB314\DOCUMENTS\VISUAL STUDIO 2012\PROJECTS\STMFORGAMES\DEBUG\STMFORGAMES.EXE
C:\USERS\LAB314\DOCUMENTS\VISUAL STUDIO 2012\PROJECTS\STMFORGAMES\DEBUG\STMFORGAMES.PDB
C:\Users\LAB314\Documents\Visual Studio 2012\Projects\STMforGames\Debug\Game.obj
C:\Users\LAB314\Documents\Visual Studio 2012\Projects\STMforGames\Debug\GameObjects.obj
C:\Users\LAB314\Documents\Visual Studio 2012\Projects\STMforGames\Debug\main.obj
C:\Users\LAB314\Documents\Visual Studio 2012\Projects\STMforGames\Debug\mainMenu.obj
C:\Users\LAB314\Documents\Visual Studio 2012\Projects\STMforGames\Debug\Spaceship.obj
C:\Users\LAB314\Documents\Visual Studio 2012\Projects\STMforGames\Debug\stdafx.obj
C:\Users\LAB314\Documents\Visual Studio 2012\Projects\STMforGames\Debug\STMforGames.obj
C:\Users\LAB314\Documents\Visual Studio 2012\Projects\STMforGames\Debug\STMMain.obj
C:\Users\LAB314\Documents\Visual Studio 2012\Projects\STMforGames\Debug\STMforGames.ilk
C:\Users\LAB314\Documents\Visual Studio 2012\Projects\STMforGames\Debug\cl.command.1.tlog
C:\Users\LAB314\Documents\Visual Studio 2012\Projects\STMforGames\Debug\CL.read.1.tlog
C:\Users\LAB314\Documents\Visual Studio 2012\Projects\STMforGames\Debug\CL.write.1.tlog
C:\Users\LAB314\Documents\Visual Studio 2012\Projects\STMforGames\Debug\link-cvtres.read.1.tlog
C:\Users\LAB314\Documents\Visual Studio 2012\Projects\STMforGames\Debug\link-cvtres.write.1.tlog
C:\Users\LAB314\Documents\Visual Studio 2012\Projects\STMforGames\Debug\link-rc.read.1.tlog
C:\Users\LAB314\Documents\Visual Studio 2012\Projects\STMforGames\Debug\link-rc.write.1.tlog
C:\Users\LAB314\Documents\Visual Studio 2012\Projects\STMforGames\Debug\link.1328-cvtres.read.1.tlog
C:\Users\LAB314\Documents\Visual Studio 2012\Projects\STMforGames\Debug\link.1328-cvtres.write.1.tlog
C:\Users\LAB314\Documents\Visual Studio 2012\Projects\STMforGames\Debug\link.1328-rc.read.1.tlog
C:\Users\LAB314\Documents\Visual Studio 2012\Projects\STMforGames\Debug\link.1328-rc.write.1.tlog
C:\Users\LAB314\Documents\Visual Studio 2012\Projects\STMforGames\Debug\link.1328.read.1.tlog
C:\Users\LAB314\Documents\Visual Studio 2012\Projects\STMforGames\Debug\link.1328.write.1.tlog
C:\Users\LAB314\Documents\Visual Studio 2012\Projects\STMforGames\Debug\link.2740-cvtres.read.1.tlog
C:\Users\LAB314\Documents\Visual Studio 2012\Projects\STMforGames\Debug\link.2740-cvtres.write.1.tlog
C:\Users\LAB314\Documents\Visual Studio 2012\Projects\STMforGames\Debug\link.2740-rc.read.1.tlog
C:\Users\LAB314\Documents\Visual Studio 2012\Projects\STMforGames\Debug\link.2740-rc.write.1.tlog
C:\Users\LAB314\Documents\Visual Studio 2012\Projects\STMforGames\Debug\link.2740.read.1.tlog
C:\Users\LAB314\Documents\Visual Studio 2012\Projects\STMforGames\Debug\link.2740.write.1.tlog
C:\Users\LAB314\Documents\Visual Studio 2012\Projects\STMforGames\Debug\link.2788-cvtres.read.1.tlog
C:\Users\LAB314\Documents\Visual Studio 2012\Projects\STMforGames\Debug\link.2788-cvtres.write.1.tlog
C:\Users\LAB314\Documents\Visual Studio 2012\Projects\STMforGames\Debug\link.2788-rc.read.1.tlog
C:\Users\LAB314\Documents\Visual Studio 2012\Projects\STMforGames\Debug\link.2788-rc.write.1.tlog
C:\Users\LAB314\Documents\Visual Studio 2012\Projects\STMforGames\Debug\link.2788.read.1.tlog
C:\Users\LAB314\Documents\Visual Studio 2012\Projects\STMforGames\Debug\link.2788.write.1.tlog
C:\Users\LAB314\Documents\Visual Studio 2012\Projects\STMforGames\Debug\link.3324-cvtres.read.1.tlog
C:\Users\LAB314\Documents\Visual Studio 2012\Projects\STMforGames\Debug\link.3324-cvtres.write.1.tlog
C:\Users\LAB314\Documents\Visual Studio 2012\Projects\STMforGames\Debug\link.3324-rc.read.1.tlog
C:\Users\LAB314\Documents\Visual Studio 2012\Projects\STMforGames\Debug\link.3324-rc.write.1.tlog
C:\Users\LAB314\Documents\Visual Studio 2012\Projects\STMforGames\Debug\link.3324.read.1.tlog
C:\Users\LAB314\Documents\Visual Studio 2012\Projects\STMforGames\Debug\link.3324.write.1.tlog
C:\Users\LAB314\Documents\Visual Studio 2012\Projects\STMforGames\Debug\link.4420-cvtres.read.1.tlog
C:\Users\LAB314\Documents\Visual Studio 2012\Projects\STMforGames\Debug\link.4420-cvtres.write.1.tlog
C:\Users\LAB314\Documents\Visual Studio 2012\Projects\STMforGames\Debug\link.4420-rc.read.1.tlog
C:\Users\LAB314\Documents\Visual Studio 2012\Projects\STMforGames\Debug\link.4420-rc.write.1.tlog
C:\Users\LAB314\Documents\Visual Studio 2012\Projects\STMforGames\Debug\link.4420.read.1.tlog
C:\Users\LAB314\Documents\Visual Studio 2012\Projects\STMforGames\Debug\link.4420.write.1.tlog
C:\Users\LAB314\Documents\Visual Studio 2012\Projects\STMforGames\Debug\link.4824-cvtres.read.1.tlog
C:\Users\LAB314\Documents\Visual Studio 2012\Projects\STMforGames\Debug\link.4824-cvtres.write.1.tlog
C:\Users\LAB314\Documents\Visual Studio 2012\Projects\STMforGames\Debug\link.4824-rc.read.1.tlog
C:\Users\LAB314\Documents\Visual Studio 2012\Projects\STMforGames\Debug\link.4824-rc.write.1.tlog
C:\Users\LAB314\Documents\Visual Studio 2012\Projects\STMforGames\Debug\link.4824.read.1.tlog
C:\Users\LAB314\Documents\Visual Studio 2012\Projects\STMforGames\Debug\link.4824.write.1.tlog
C:\Users\LAB314\Documents\Visual Studio 2012\Projects\STMforGames\Debug\link.5040-cvtres.read.1.tlog
C:\Users\LAB314\Documents\Visual Studio 2012\Projects\STMforGames\Debug\link.5040-cvtres.write.1.tlog
C:\Users\LAB314\Documents\Visual Studio 2012\Projects\STMforGames\Debug\link.5040-rc.read.1.tlog
C:\Users\LAB314\Documents\Visual Studio 2012\Projects\STMforGames\Debug\link.5040-rc.write.1.tlog
C:\Users\LAB314\Documents\Visual Studio 2012\Projects\STMforGames\Debug\link.5040.read.1.tlog
C:\Users\LAB314\Documents\Visual Studio 2012\Projects\STMforGames\Debug\link.5040.write.1.tlog
C:\Users\LAB314\Documents\Visual Studio 2012\Projects\STMforGames\Debug\link.5528-cvtres.read.1.tlog
C:\Users\LAB314\Documents\Visual Studio 2012\Projects\STMforGames\Debug\link.5528-cvtres.write.1.tlog
C:\Users\LAB314\Documents\Visual Studio 2012\Projects\STMforGames\Debug\link.5528-rc.read.1.tlog
C:\Users\LAB314\Documents\Visual Studio 2012\Projects\STMforGames\Debug\link.5528-rc.write.1.tlog
C:\Users\LAB314\Documents\Visual Studio 2012\Projects\STMforGames\Debug\link.5528.read.1.tlog
C:\Users\LAB314\Documents\Visual Studio 2012\Projects\STMforGames\Debug\link.5528.write.1.tlog
C:\Users\LAB314\Documents\Visual Studio 2012\Projects\STMforGames\Debug\link.5632-cvtres.read.1.tlog
C:\Users\LAB314\Documents\Visual Studio 2012\Projects\STMforGames\Debug\link.5632-cvtres.write.1.tlog
C:\Users\LAB314\Documents\Visual Studio 2012\Projects\STMforGames\Debug\link.5632-rc.read.1.tlog
C:\Users\LAB314\Documents\Visual Studio 2012\Projects\STMforGames\Debug\link.5632-rc.write.1.tlog
C:\Users\LAB314\Documents\Visual Studio 2012\Projects\STMforGames\Debug\link.5632.read.1.tlog
C:\Users\LAB314\Documents\Visual Studio 2012\Projects\STMforGames\Debug\link.5632.write.1.tlog
C:\Users\LAB314\Documents\Visual Studio 2012\Projects\STMforGames\Debug\link.5848-cvtres.read.1.tlog
C:\Users\LAB314\Documents\Visual Studio 2012\Projects\STMforGames\Debug\link.5848-cvtres.write.1.tlog
C:\Users\LAB314\Documents\Visual Studio 2012\Projects\STMforGames\Debug\link.5848-rc.read.1.tlog
C:\Users\LAB314\Documents\Visual Studio 2012\Projects\STMforGames\Debug\link.5848-rc.write.1.tlog
C:\Users\LAB314\Documents\Visual Studio 2012\Projects\STMforGames\Debug\link.5848.read.1.tlog
C:\Users\LAB314\Documents\Visual Studio 2012\Projects\STMforGames\Debug\link.5848.write.1.tlog
C:\Users\LAB314\Documents\Visual Studio 2012\Projects\STMforGames\Debug\link.5872-cvtres.read.1.tlog
C:\Users\LAB314\Documents\Visual Studio 2012\Projects\STMforGames\Debug\link.5872-cvtres.write.1.tlog
C:\Users\LAB314\Documents\Visual Studio 2012\Projects\STMforGames\Debug\link.5872-rc.read.1.tlog
C:\Users\LAB314\Documents\Visual Studio 2012\Projects\STMforGames\Debug\link.5872-rc.write.1.tlog
C:\Users\LAB314\Documents\Visual Studio 2012\Projects\STMforGames\Debug\link.5872.read.1.tlog
C:\Users\LAB314\Documents\Visual Studio 2012\Projects\STMforGames\Debug\link.5872.write.1.tlog
C:\Users\LAB314\Documents\Visual Studio 2012\Projects\STMforGames\Debug\link.5944-cvtres.read.1.tlog
C:\Users\LAB314\Documents\Visual Studio 2012\Projects\STMforGames\Debug\link.5944-cvtres.write.1.tlog
C:\Users\LAB314\Documents\Visual Studio 2012\Projects\STMforGames\Debug\link.5944-rc.read.1.tlog
C:\Users\LAB314\Documents\Visual Studio 2012\Projects\STMforGames\Debug\link.5944-rc.write.1.tlog
C:\Users\LAB314\Documents\Visual Studio 2012\Projects\STMforGames\Debug\link.5944.read.1.tlog
C:\Users\LAB314\Documents\Visual Studio 2012\Projects\STMforGames\Debug\link.5944.write.1.tlog
C:\Users\LAB314\Documents\Visual Studio 2012\Projects\STMforGames\Debug\link.6044-cvtres.read.1.tlog
C:\Users\LAB314\Documents\Visual Studio 2012\Projects\STMforGames\Debug\link.6044-cvtres.write.1.tlog
C:\Users\LAB314\Documents\Visual Studio 2012\Projects\STMforGames\Debug\link.6044-rc.read.1.tlog
C:\Users\LAB314\Documents\Visual Studio 2012\Projects\STMforGames\Debug\link.6044-rc.write.1.tlog
C:\Users\LAB314\Documents\Visual Studio 2012\Projects\STMforGames\Debug\link.6044.read.1.tlog
C:\Users\LAB314\Documents\Visual Studio 2012\Projects\STMforGames\Debug\link.6044.write.1.tlog
C:\Users\LAB314\Documents\Visual Studio 2012\Projects\STMforGames\Debug\link.7032-cvtres.read.1.tlog
C:\Users\LAB314\Documents\Visual Studio 2012\Projects\STMforGames\Debug\link.7032-cvtres.write.1.tlog
C:\Users\LAB314\Documents\Visual Studio 2012\Projects\STMforGames\Debug\link.7032-rc.read.1.tlog
C:\Users\LAB314\Documents\Visual Studio 2012\Projects\STMforGames\Debug\link.7032-rc.write.1.tlog
C:\Users\LAB314\Documents\Visual Studio 2012\Projects\STMforGames\Debug\link.7032.read.1.tlog
C:\Users\LAB314\Documents\Visual Studio 2012\Projects\STMforGames\Debug\link.7032.write.1.tlog
C:\Users\LAB314\Documents\Visual Studio 2012\Projects\STMforGames\Debug\link.968-cvtres.read.1.tlog
C:\Users\LAB314\Documents\Visual Studio 2012\Projects\STMforGames\Debug\link.968-cvtres.write.1.tlog
C:\Users\LAB314\Documents\Visual Studio 2012\Projects\STMforGames\Debug\link.968-rc.read.1.tlog
C:\Users\LAB314\Documents\Visual Studio 2012\Projects\STMforGames\Debug\link.968-rc.write.1.tlog
C:\Users\LAB314\Documents\Visual Studio 2012\Projects\STMforGames\Debug\link.968.read.1.tlog
C:\Users\LAB314\Documents\Visual Studio 2012\Projects\STMforGames\Debug\link.968.write.1.tlog
C:\Users\LAB314\Documents\Visual Studio 2012\Projects\STMforGames\Debug\link.command.1.tlog
C:\Users\LAB314\Documents\Visual Studio 2012\Projects\STMforGames\Debug\link.read.1.tlog
C:\Users\LAB314\Documents\Visual Studio 2012\Projects\STMforGames\Debug\link.write.1.tlog
C:\Users\LAB314\Documents\Visual Studio 2012\Projects\STMforGames\Debug\STMforGames.pch
C:\Users\LAB314\Documents\Visual Studio 2012\Projects\STMforGames\Debug\vc110.idb
C:\Users\LAB314\Documents\Visual Studio 2012\Projects\STMforGames\Debug\STMforGames.pdb
C:\Users\LAB314\Documents\Visual Studio 2012\Projects\STMforGames\Debug\vc110.pdb
C:\Users\LAB314\Documents\Visual Studio 2012\Projects\STMforGames\Debug\STMforGames.exe
