Build started 14/02/2014 00:13:19.
     1>Project "C:\Users\LAB314\Documents\Visual Studio 2012\Projects\STMforGames\STMforGames.vcxproj" on node 2 (Build target(s)).
     1>ClCompile:
         C:\Program Files (x86)\Microsoft Visual Studio 11.0\VC\bin\CL.exe /c /I"C:\SFML-2.1\include" /ZI /nologo /W3 /WX- /sdl /Od /Oy- /D WIN32 /D _DEBUG /D _CONSOLE /D _UNICODE /D UNICODE /Gm /EHsc /RTC1 /MDd /GS /fp:precise /Zc:wchar_t /Zc:forScope /Yu"stdafx.h" /Fp"Debug\STMforGames.pch" /Fo"Debug\\" /Fd"Debug\vc110.pdb" /Gd /TP /analyze- /errorReport:prompt Alien.cpp Alien2.cpp Game.cpp STMMain.cpp Spaceship.cpp
         Spaceship.cpp
     1>c:\users\lab314\documents\visual studio 2012\projects\stmforgames\spaceship.cpp(95): warning C4244: 'initializing' : conversion from 'double' to 'float', possible loss of data
         Game.cpp
     1>c:\users\lab314\documents\visual studio 2012\projects\stmforgames\game.cpp(72): warning C4172: returning address of local variable or temporary
         Generating Code...
         Skipping... (no relevant changes detected)
         STMMain.cpp
         Alien2.cpp
         Alien.cpp
       Link:
         C:\Program Files (x86)\Microsoft Visual Studio 11.0\VC\bin\link.exe /ERRORREPORT:PROMPT /OUT:"C:\Users\LAB314\Documents\Visual Studio 2012\Projects\STMforGames\Debug\STMforGames.exe" /INCREMENTAL /NOLOGO /LIBPATH:"C:\SFML-2.1\lib" "sfml-main.lib" "sfml-main-d.lib" "sfml-graphics-d.lib" "sfml-window-d.lib" "sfml-system-d.lib" kernel32.lib user32.lib gdi32.lib winspool.lib comdlg32.lib advapi32.lib shell32.lib ole32.lib oleaut32.lib uuid.lib odbc32.lib odbccp32.lib kernel32.lib user32.lib gdi32.lib winspool.lib comdlg32.lib advapi32.lib shell32.lib ole32.lib oleaut32.lib uuid.lib odbc32.lib odbccp32.lib /MANIFEST /MANIFESTUAC:"level='asInvoker' uiAccess='false'" /manifest:embed /DEBUG /PDB:"C:\Users\LAB314\Documents\Visual Studio 2012\Projects\STMforGames\Debug\STMforGames.pdb" /SUBSYSTEM:CONSOLE /TLBID:1 /DYNAMICBASE /NXCOMPAT /IMPLIB:"C:\Users\LAB314\Documents\Visual Studio 2012\Projects\STMforGames\Debug\STMforGames.lib" /MACHINE:X86 Debug\Alien.obj
         Debug\Alien2.obj
         Debug\Game.obj
         Debug\GameObjects.obj
         Debug\GameObjectsManager.obj
         Debug\Spaceship.obj
         Debug\STMMain.obj
         Debug\stdafx.obj
         Debug\STMforGames.obj
         STMforGames.vcxproj -> C:\Users\LAB314\Documents\Visual Studio 2012\Projects\STMforGames\Debug\STMforGames.exe
     1>Done Building Project "C:\Users\LAB314\Documents\Visual Studio 2012\Projects\STMforGames\STMforGames.vcxproj" (Build target(s)).

Build succeeded.

Time Elapsed 00:00:00.65
